Using pre-set license
Built from '2021.3/staging' branch; Version is '2021.3.19f1 (c9714fde33b6) revision 13201743'; Using compiler version '192829333'; Build Type 'Release'
OS: 'Windows 10  (10.0.19045) 64bit Professional' Language: 'en' Physical Memory: 16251 MB
BatchMode: 1, IsHumanControllingUs: 0, StartBugReporterOnCrash: 0, Is64bit: 1, IsPro: 1

COMMAND LINE ARGUMENTS:
C:\Program Files\2021.3.19f1\Editor\Unity.exe
-adb2
-batchMode
-noUpm
-name
AssetImportWorker2
-projectPath
C:/Users/Amira Elgarf/Documents/GitHub/AstroWander/SecAttemptAstro
-logFile
Logs/AssetImportWorker2.log
-srvPort
3919
Successfully changed project path to: C:/Users/Amira Elgarf/Documents/GitHub/AstroWander/SecAttemptAstro
C:/Users/Amira Elgarf/Documents/GitHub/AstroWander/SecAttemptAstro
[UnityMemory] Configuration Parameters - Can be set up in boot.config
    "memorysetup-bucket-allocator-granularity=16"
    "memorysetup-bucket-allocator-bucket-count=8"
    "memorysetup-bucket-allocator-block-size=33554432"
    "memorysetup-bucket-allocator-block-count=8"
    "memorysetup-main-allocator-block-size=16777216"
    "memorysetup-thread-allocator-block-size=16777216"
    "memorysetup-gfx-main-allocator-block-size=16777216"
    "memorysetup-gfx-thread-allocator-block-size=16777216"
    "memorysetup-cache-allocator-block-size=4194304"
    "memorysetup-typetree-allocator-block-size=2097152"
    "memorysetup-profiler-bucket-allocator-granularity=16"
    "memorysetup-profiler-bucket-allocator-bucket-count=8"
    "memorysetup-profiler-bucket-allocator-block-size=33554432"
    "memorysetup-profiler-bucket-allocator-block-count=8"
    "memorysetup-profiler-allocator-block-size=16777216"
    "memorysetup-profiler-editor-allocator-block-size=1048576"
    "memorysetup-temp-allocator-size-main=16777216"
    "memorysetup-job-temp-allocator-block-size=2097152"
    "memorysetup-job-temp-allocator-block-size-background=1048576"
    "memorysetup-job-temp-allocator-reduction-small-platforms=262144"
    "memorysetup-temp-allocator-size-background-worker=32768"
    "memorysetup-temp-allocator-size-job-worker=262144"
    "memorysetup-temp-allocator-size-preload-manager=33554432"
    "memorysetup-temp-allocator-size-nav-mesh-worker=65536"
    "memorysetup-temp-allocator-size-audio-worker=65536"
    "memorysetup-temp-allocator-size-cloud-worker=32768"
    "memorysetup-temp-allocator-size-gi-baking-worker=262144"
    "memorysetup-temp-allocator-size-gfx=262144"
Player connection [25448] Host "[IP] 10.40.97.124 [Port] 0 [Flags] 2 [Guid] 2320051082 [EditorId] 2320051082 [Version] 1048832 [Id] WindowsEditor(7,DESKTOP-9QN4366) [Debug] 1 [PackageName] WindowsEditor [ProjectName] Editor" joined multi-casting on [225.0.0.222:54997]...

Player connection [25448] Host "[IP] 10.40.97.124 [Port] 0 [Flags] 2 [Guid] 2320051082 [EditorId] 2320051082 [Version] 1048832 [Id] WindowsEditor(7,DESKTOP-9QN4366) [Debug] 1 [PackageName] WindowsEditor [ProjectName] Editor" joined alternative multi-casting on [225.0.0.222:34997]...

Refreshing native plugins compatible for Editor in 117.30 ms, found 12 plugins.
Preloading 1 native plugins for Editor in 0.46 ms.
Initialize engine version: 2021.3.19f1 (c9714fde33b6)
[Subsystems] Discovering subsystems at path C:/Program Files/2021.3.19f1/Editor/Data/Resources/UnitySubsystems
[Subsystems] Discovering subsystems at path C:/Users/Amira Elgarf/Documents/GitHub/AstroWander/SecAttemptAstro/Assets
GfxDevice: creating device client; threaded=0; jobified=0
Direct3D:
    Version:  Direct3D 11.0 [level 11.1]
    Renderer: NVIDIA GeForce GTX 1650 Ti (ID=0x1f95)
    Vendor:   NVIDIA
    VRAM:     3949 MB
    Driver:   31.0.15.3179
Initialize mono
Mono path[0] = 'C:/Program Files/2021.3.19f1/Editor/Data/Managed'
Mono path[1] = 'C:/Program Files/2021.3.19f1/Editor/Data/MonoBleedingEdge/lib/mono/unityjit-win32'
Mono config path = 'C:/Program Files/2021.3.19f1/Editor/Data/MonoBleedingEdge/etc'
Using monoOptions --debugger-agent=transport=dt_socket,embedding=1,server=y,suspend=n,address=127.0.0.1:56352
Begin MonoManager ReloadAssembly
Registering precompiled unity dll's ...
Register platform support module: C:/Program Files/2021.3.19f1/Editor/Data/PlaybackEngines/AndroidPlayer/UnityEditor.Android.Extensions.dll
Register platform support module: C:/Program Files/2021.3.19f1/Editor/Data/PlaybackEngines/WindowsStandaloneSupport/UnityEditor.WindowsStandalone.Extensions.dll
Registered in 0.004593 seconds.
Native extension for WindowsStandalone target not found
Native extension for Android target not found
Android Extension - Scanning For ADB Devices 480 ms
Refreshing native plugins compatible for Editor in 95.27 ms, found 12 plugins.
Preloading 1 native plugins for Editor in 0.09 ms.
Mono: successfully reloaded assembly
- Completed reload, in  1.180 seconds
Domain Reload Profiling:
	ReloadAssembly (1180ms)
		BeginReloadAssembly (77ms)
			ExecutionOrderSort (0ms)
			DisableScriptedObjects (0ms)
			BackupInstance (0ms)
			ReleaseScriptingObjects (0ms)
			CreateAndSetChildDomain (1ms)
		EndReloadAssembly (994ms)
			LoadAssemblies (74ms)
			RebuildTransferFunctionScriptingTraits (0ms)
			SetupTypeCache (107ms)
			ReleaseScriptCaches (0ms)
			RebuildScriptCaches (26ms)
			SetupLoadedEditorAssemblies (804ms)
				LogAssemblyErrors (0ms)
				InitializePlatformSupportModulesInManaged (590ms)
				SetLoadedEditorAssemblies (0ms)
				RefreshPlugins (95ms)
				BeforeProcessingInitializeOnLoad (1ms)
				ProcessInitializeOnLoadAttributes (81ms)
				ProcessInitializeOnLoadMethodAttributes (37ms)
				AfterProcessingInitializeOnLoad (0ms)
				EditorAssembliesLoaded (0ms)
			ExecutionOrderSort2 (0ms)
			AwakeInstancesAfterBackupRestoration (0ms)
Platform modules already initialized, skipping
Registering precompiled user dll's ...
Registered in 0.010225 seconds.
Begin MonoManager ReloadAssembly
Native extension for WindowsStandalone target not found
Native extension for Android target not found
Refreshing native plugins compatible for Editor in 94.56 ms, found 12 plugins.
Preloading 1 native plugins for Editor in 0.09 ms.
Package Manager log level set to [2]
System.Reflection.TargetInvocationException: Exception has been thrown by the target of an invocation. ---> System.NullReferenceException: Object reference not set to an instance of an object
  at Unity.XR.Oculus.OculusLoader.AssetPathToAbsolutePath (System.String assetPath) [0x0003d] in C:\Users\Amira Elgarf\Documents\GitHub\AstroWander\SecAttemptAstro\Library\PackageCache\com.unity.xr.oculus@3.2.3\Runtime\OculusLoader.cs:296 
  at Unity.XR.Oculus.OculusLoader.EditorLoadOVRPlugin () [0x0007b] in C:\Users\Amira Elgarf\Documents\GitHub\AstroWander\SecAttemptAstro\Library\PackageCache\com.unity.xr.oculus@3.2.3\Runtime\OculusLoader.cs:281 
  at (wrapper managed-to-native) System.Reflection.RuntimeMethodInfo.InternalInvoke(System.Reflection.RuntimeMethodInfo,object,object[],System.Exception&)
  at System.Reflection.RuntimeMethodInfo.Invoke (System.Object obj, System.Reflection.BindingFlags invokeAttr, System.Reflection.Binder binder, System.Object[] parameters, System.Globalization.CultureInfo culture) [0x0006a] in <03bd9b261dff4c2b8b568aca27f561b2>:0 
   --- End of inner exception stack trace ---
  at System.Reflection.RuntimeMethodInfo.Invoke (System.Object obj, System.Reflection.BindingFlags invokeAttr, System.Reflection.Binder binder, System.Object[] parameters, System.Globalization.CultureInfo culture) [0x00083] in <03bd9b261dff4c2b8b568aca27f561b2>:0 
  at System.Reflection.MethodBase.Invoke (System.Object obj, System.Object[] parameters) [0x00000] in <03bd9b261dff4c2b8b568aca27f561b2>:0 
  at UnityEditor.EditorAssemblies.ProcessInitializeOnLoadMethodAttributes () [0x000a5] in <7fef092428a04dc89d2aa6ad3ce5d856>:0 
UnityEngine.StackTraceUtility:ExtractStackTrace ()
UnityEngine.DebugLogHandler:LogFormat (UnityEngine.LogType,UnityEngine.Object,string,object[])
UnityEngine.Logger:Log (UnityEngine.LogType,object)
UnityEngine.Debug:LogError (object)
UnityEditor.EditorAssemblies:ProcessInitializeOnLoadMethodAttributes ()

Mono: successfully reloaded assembly
- Completed reload, in  1.235 seconds
Domain Reload Profiling:
	ReloadAssembly (1235ms)
		BeginReloadAssembly (99ms)
			ExecutionOrderSort (0ms)
			DisableScriptedObjects (6ms)
			BackupInstance (0ms)
			ReleaseScriptingObjects (0ms)
			CreateAndSetChildDomain (17ms)
		EndReloadAssembly (1022ms)
			LoadAssemblies (85ms)
			RebuildTransferFunctionScriptingTraits (0ms)
			SetupTypeCache (286ms)
			ReleaseScriptCaches (1ms)
			RebuildScriptCaches (58ms)
			SetupLoadedEditorAssemblies (520ms)
				LogAssemblyErrors (0ms)
				InitializePlatformSupportModulesInManaged (15ms)
				SetLoadedEditorAssemblies (0ms)
				RefreshPlugins (95ms)
				BeforeProcessingInitializeOnLoad (110ms)
				ProcessInitializeOnLoadAttributes (247ms)
				ProcessInitializeOnLoadMethodAttributes (43ms)
				AfterProcessingInitializeOnLoad (11ms)
				EditorAssembliesLoaded (0ms)
			ExecutionOrderSort2 (0ms)
			AwakeInstancesAfterBackupRestoration (5ms)
Platform modules already initialized, skipping
========================================================================
Worker process is ready to serve import requests
Launched and connected shader compiler UnityShaderCompiler.exe after 0.03 seconds
Refreshing native plugins compatible for Editor in 0.97 ms, found 12 plugins.
Preloading 1 native plugins for Editor in 0.15 ms.
Unloading 4352 Unused Serialized files (Serialized files now loaded: 0)
Unloading 53 unused Assets / (115.4 KB). Loaded Objects now: 4812.
Memory consumption went from 160.4 MB to 160.3 MB.
Total: 3.705700 ms (FindLiveObjects: 0.560700 ms CreateObjectMapping: 0.473100 ms MarkObjects: 2.576200 ms  DeleteObjects: 0.095200 ms)

AssetImportParameters requested are different than current active one (requested -> active):
  custom:video-decoder-ogg-theora: a1e56fd34408186e4bbccfd4996cb3dc -> 
  custom:container-muxer-webm: aa71ff27fc2769a1b78a27578f13a17b -> 
  custom:container-demuxer-webm: 4f35f7cbe854078d1ac9338744f61a02 -> 
  custom:video-encoder-webm-vp8: eb34c28f22e8b96e1ab97ce403110664 -> 
  custom:audio-encoder-webm-vorbis: bf7c407c2cedff20999df2af8eb42d56 -> 
  custom:framework-win-MediaFoundation: 216162199b28c13a410421893ffa2e32 -> 
  custom:container-demuxer-ogg: 62fdf1f143b41e24485cea50d1cbac27 -> 
  custom:video-decoder-webm-vp8: 9c59270c3fd7afecdb556c50c9e8de78 -> 
  custom:audio-decoder-ogg-vorbis: bf7c407c2cedff20999df2af8eb42d56 -> 
========================================================================
Received Import Request.
  Time since last request: 40623.359195 seconds.
  path: Assets
  artifactKey: Guid(00000000000000001000000000000000) Importer(815301076,1909f56bfc062723c751e8b465ee728b)
Start importing Assets using Guid(00000000000000001000000000000000) Importer(815301076,1909f56bfc062723c751e8b465ee728b)  -> (artifact id: '79842766b460edbeab6a34051e857a80') in 0.009204 seconds 
========================================================================
Received Prepare
Registering precompiled user dll's ...
Registered in 0.013849 seconds.
Begin MonoManager ReloadAssembly
Native extension for WindowsStandalone target not found
Native extension for Android target not found
Refreshing native plugins compatible for Editor in 0.85 ms, found 12 plugins.
Preloading 1 native plugins for Editor in 0.12 ms.
System.Reflection.TargetInvocationException: Exception has been thrown by the target of an invocation. ---> System.NullReferenceException: Object reference not set to an instance of an object
  at Unity.XR.Oculus.OculusLoader.AssetPathToAbsolutePath (System.String assetPath) [0x0003d] in C:\Users\Amira Elgarf\Documents\GitHub\AstroWander\SecAttemptAstro\Library\PackageCache\com.unity.xr.oculus@3.2.3\Runtime\OculusLoader.cs:296 
  at Unity.XR.Oculus.OculusLoader.EditorLoadOVRPlugin () [0x0007b] in C:\Users\Amira Elgarf\Documents\GitHub\AstroWander\SecAttemptAstro\Library\PackageCache\com.unity.xr.oculus@3.2.3\Runtime\OculusLoader.cs:281 
  at (wrapper managed-to-native) System.Reflection.RuntimeMethodInfo.InternalInvoke(System.Reflection.RuntimeMethodInfo,object,object[],System.Exception&)
  at System.Reflection.RuntimeMethodInfo.Invoke (System.Object obj, System.Reflection.BindingFlags invokeAttr, System.Reflection.Binder binder, System.Object[] parameters, System.Globalization.CultureInfo culture) [0x0006a] in <03bd9b261dff4c2b8b568aca27f561b2>:0 
   --- End of inner exception stack trace ---
  at System.Reflection.RuntimeMethodInfo.Invoke (System.Object obj, System.Reflection.BindingFlags invokeAttr, System.Reflection.Binder binder, System.Object[] parameters, System.Globalization.CultureInfo culture) [0x00083] in <03bd9b261dff4c2b8b568aca27f561b2>:0 
  at System.Reflection.MethodBase.Invoke (System.Object obj, System.Object[] parameters) [0x00000] in <03bd9b261dff4c2b8b568aca27f561b2>:0 
  at UnityEditor.EditorAssemblies.ProcessInitializeOnLoadMethodAttributes () [0x000a5] in <7fef092428a04dc89d2aa6ad3ce5d856>:0 
UnityEngine.StackTraceUtility:ExtractStackTrace ()
UnityEngine.DebugLogHandler:LogFormat (UnityEngine.LogType,UnityEngine.Object,string,object[])
UnityEngine.Logger:Log (UnityEngine.LogType,object)
UnityEngine.Debug:LogError (object)
UnityEditor.EditorAssemblies:ProcessInitializeOnLoadMethodAttributes ()

Mono: successfully reloaded assembly
- Completed reload, in  1.126 seconds
Domain Reload Profiling:
	ReloadAssembly (1126ms)
		BeginReloadAssembly (133ms)
			ExecutionOrderSort (0ms)
			DisableScriptedObjects (5ms)
			BackupInstance (0ms)
			ReleaseScriptingObjects (0ms)
			CreateAndSetChildDomain (33ms)
		EndReloadAssembly (890ms)
			LoadAssemblies (92ms)
			RebuildTransferFunctionScriptingTraits (0ms)
			SetupTypeCache (274ms)
			ReleaseScriptCaches (1ms)
			RebuildScriptCaches (40ms)
			SetupLoadedEditorAssemblies (399ms)
				LogAssemblyErrors (0ms)
				InitializePlatformSupportModulesInManaged (21ms)
				SetLoadedEditorAssemblies (0ms)
				RefreshPlugins (1ms)
				BeforeProcessingInitializeOnLoad (79ms)
				ProcessInitializeOnLoadAttributes (238ms)
				ProcessInitializeOnLoadMethodAttributes (50ms)
				AfterProcessingInitializeOnLoad (10ms)
				EditorAssembliesLoaded (0ms)
			ExecutionOrderSort2 (0ms)
			AwakeInstancesAfterBackupRestoration (6ms)
Platform modules already initialized, skipping
Refreshing native plugins compatible for Editor in 8.45 ms, found 12 plugins.
Preloading 1 native plugins for Editor in 0.09 ms.
Unloading 4331 Unused Serialized files (Serialized files now loaded: 0)
Unloading 43 unused Assets / (80.9 KB). Loaded Objects now: 4819.
Memory consumption went from 159.6 MB to 159.5 MB.
Total: 2.886400 ms (FindLiveObjects: 0.313500 ms CreateObjectMapping: 0.227000 ms MarkObjects: 2.256100 ms  DeleteObjects: 0.089300 ms)

AssetImportParameters requested are different than current active one (requested -> active):
  custom:video-decoder-ogg-theora: a1e56fd34408186e4bbccfd4996cb3dc -> 
  custom:container-muxer-webm: aa71ff27fc2769a1b78a27578f13a17b -> 
  custom:container-demuxer-webm: 4f35f7cbe854078d1ac9338744f61a02 -> 
  custom:video-encoder-webm-vp8: eb34c28f22e8b96e1ab97ce403110664 -> 
  custom:audio-encoder-webm-vorbis: bf7c407c2cedff20999df2af8eb42d56 -> 
  custom:framework-win-MediaFoundation: 216162199b28c13a410421893ffa2e32 -> 
  custom:container-demuxer-ogg: 62fdf1f143b41e24485cea50d1cbac27 -> 
  custom:video-decoder-webm-vp8: 9c59270c3fd7afecdb556c50c9e8de78 -> 
  custom:audio-decoder-ogg-vorbis: bf7c407c2cedff20999df2af8eb42d56 -> 
========================================================================
Received Import Request.
  Time since last request: 173.217937 seconds.
  path: Assets/New Terrain 1.asset
  artifactKey: Guid(90f15d6923e3fce499ba991cb0815ae1) Importer(815301076,1909f56bfc062723c751e8b465ee728b)
Start importing Assets/New Terrain 1.asset using Guid(90f15d6923e3fce499ba991cb0815ae1) Importer(815301076,1909f56bfc062723c751e8b465ee728b)  -> (artifact id: 'ea120766c2418fb3613a9a7cb0528152') in 0.071968 seconds 
========================================================================
Received Import Request.
  Time since last request: 75.473643 seconds.
  path: Assets/Scenes
  artifactKey: Guid(6ea315d0fd7389c41b19996891e99ae3) Importer(815301076,1909f56bfc062723c751e8b465ee728b)
Start importing Assets/Scenes using Guid(6ea315d0fd7389c41b19996891e99ae3) Importer(815301076,1909f56bfc062723c751e8b465ee728b)  -> (artifact id: 'b8193726cff86800c54781cdc6d54904') in 0.001700 seconds 
========================================================================
Received Import Request.
  Time since last request: 11.925805 seconds.
  path: Assets/Scenes/Overview.unity
  artifactKey: Guid(e0a093533def0a64a9e59ddc9f6af045) Importer(815301076,1909f56bfc062723c751e8b465ee728b)
Start importing Assets/Scenes/Overview.unity using Guid(e0a093533def0a64a9e59ddc9f6af045) Importer(815301076,1909f56bfc062723c751e8b465ee728b)  -> (artifact id: '73327cec13ce19fdc58865eb0f9f88f0') in 0.001412 seconds 
========================================================================
Received Prepare
Registering precompiled user dll's ...
Registered in 0.010617 seconds.
Begin MonoManager ReloadAssembly
Native extension for WindowsStandalone target not found
Native extension for Android target not found
Refreshing native plugins compatible for Editor in 1.01 ms, found 12 plugins.
Preloading 1 native plugins for Editor in 0.13 ms.
System.Reflection.TargetInvocationException: Exception has been thrown by the target of an invocation. ---> System.NullReferenceException: Object reference not set to an instance of an object
  at Unity.XR.Oculus.OculusLoader.AssetPathToAbsolutePath (System.String assetPath) [0x0003d] in C:\Users\Amira Elgarf\Documents\GitHub\AstroWander\SecAttemptAstro\Library\PackageCache\com.unity.xr.oculus@3.2.3\Runtime\OculusLoader.cs:296 
  at Unity.XR.Oculus.OculusLoader.EditorLoadOVRPlugin () [0x0007b] in C:\Users\Amira Elgarf\Documents\GitHub\AstroWander\SecAttemptAstro\Library\PackageCache\com.unity.xr.oculus@3.2.3\Runtime\OculusLoader.cs:281 
  at (wrapper managed-to-native) System.Reflection.RuntimeMethodInfo.InternalInvoke(System.Reflection.RuntimeMethodInfo,object,object[],System.Exception&)
  at System.Reflection.RuntimeMethodInfo.Invoke (System.Object obj, System.Reflection.BindingFlags invokeAttr, System.Reflection.Binder binder, System.Object[] parameters, System.Globalization.CultureInfo culture) [0x0006a] in <03bd9b261dff4c2b8b568aca27f561b2>:0 
   --- End of inner exception stack trace ---
  at System.Reflection.RuntimeMethodInfo.Invoke (System.Object obj, System.Reflection.BindingFlags invokeAttr, System.Reflection.Binder binder, System.Object[] parameters, System.Globalization.CultureInfo culture) [0x00083] in <03bd9b261dff4c2b8b568aca27f561b2>:0 
  at System.Reflection.MethodBase.Invoke (System.Object obj, System.Object[] parameters) [0x00000] in <03bd9b261dff4c2b8b568aca27f561b2>:0 
  at UnityEditor.EditorAssemblies.ProcessInitializeOnLoadMethodAttributes () [0x000a5] in <7fef092428a04dc89d2aa6ad3ce5d856>:0 
UnityEngine.StackTraceUtility:ExtractStackTrace ()
UnityEngine.DebugLogHandler:LogFormat (UnityEngine.LogType,UnityEngine.Object,string,object[])
UnityEngine.Logger:Log (UnityEngine.LogType,object)
UnityEngine.Debug:LogError (object)
UnityEditor.EditorAssemblies:ProcessInitializeOnLoadMethodAttributes ()

Mono: successfully reloaded assembly
- Completed reload, in  1.211 seconds
Domain Reload Profiling:
	ReloadAssembly (1212ms)
		BeginReloadAssembly (134ms)
			ExecutionOrderSort (0ms)
			DisableScriptedObjects (4ms)
			BackupInstance (0ms)
			ReleaseScriptingObjects (0ms)
			CreateAndSetChildDomain (37ms)
		EndReloadAssembly (979ms)
			LoadAssemblies (87ms)
			RebuildTransferFunctionScriptingTraits (0ms)
			SetupTypeCache (293ms)
			ReleaseScriptCaches (1ms)
			RebuildScriptCaches (39ms)
			SetupLoadedEditorAssemblies (458ms)
				LogAssemblyErrors (0ms)
				InitializePlatformSupportModulesInManaged (25ms)
				SetLoadedEditorAssemblies (0ms)
				RefreshPlugins (1ms)
				BeforeProcessingInitializeOnLoad (87ms)
				ProcessInitializeOnLoadAttributes (279ms)
				ProcessInitializeOnLoadMethodAttributes (52ms)
				AfterProcessingInitializeOnLoad (12ms)
				EditorAssembliesLoaded (0ms)
			ExecutionOrderSort2 (0ms)
			AwakeInstancesAfterBackupRestoration (6ms)
Platform modules already initialized, skipping
Refreshing native plugins compatible for Editor in 11.64 ms, found 12 plugins.
Preloading 1 native plugins for Editor in 0.19 ms.
Unloading 4331 Unused Serialized files (Serialized files now loaded: 0)
Unloading 45 unused Assets / (0.6 MB). Loaded Objects now: 4827.
Memory consumption went from 160.5 MB to 159.9 MB.
Total: 3.698700 ms (FindLiveObjects: 0.338400 ms CreateObjectMapping: 0.271700 ms MarkObjects: 2.748700 ms  DeleteObjects: 0.339300 ms)

AssetImportParameters requested are different than current active one (requested -> active):
  custom:video-decoder-ogg-theora: a1e56fd34408186e4bbccfd4996cb3dc -> 
  custom:container-muxer-webm: aa71ff27fc2769a1b78a27578f13a17b -> 
  custom:container-demuxer-webm: 4f35f7cbe854078d1ac9338744f61a02 -> 
  custom:video-encoder-webm-vp8: eb34c28f22e8b96e1ab97ce403110664 -> 
  custom:audio-encoder-webm-vorbis: bf7c407c2cedff20999df2af8eb42d56 -> 
  custom:framework-win-MediaFoundation: 216162199b28c13a410421893ffa2e32 -> 
  custom:container-demuxer-ogg: 62fdf1f143b41e24485cea50d1cbac27 -> 
  custom:video-decoder-webm-vp8: 9c59270c3fd7afecdb556c50c9e8de78 -> 
  custom:audio-decoder-ogg-vorbis: bf7c407c2cedff20999df2af8eb42d56 -> 
========================================================================
Received Import Request.
  Time since last request: 52.908054 seconds.
  path: Assets/Scenes/SampleScene.unity
  artifactKey: Guid(9fc0d4010bbf28b4594072e72b8655ab) Importer(815301076,1909f56bfc062723c751e8b465ee728b)
Start importing Assets/Scenes/SampleScene.unity using Guid(9fc0d4010bbf28b4594072e72b8655ab) Importer(815301076,1909f56bfc062723c751e8b465ee728b)  -> (artifact id: 'deca88ebfb0e5cf56a59b671577efbd0') in 0.008045 seconds 
========================================================================
Received Import Request.
  Time since last request: 33.268819 seconds.
  path: Assets/Scenes/SampleScene.unity
  artifactKey: Guid(9fc0d4010bbf28b4594072e72b8655ab) Importer(815301076,1909f56bfc062723c751e8b465ee728b)
Start importing Assets/Scenes/SampleScene.unity using Guid(9fc0d4010bbf28b4594072e72b8655ab) Importer(815301076,1909f56bfc062723c751e8b465ee728b)  -> (artifact id: '74b55f0177406b765667edee2e943717') in 0.001516 seconds 
========================================================================
Received Import Request.
  Time since last request: 55.215527 seconds.
  path: Assets/Mars Landscape 3D/Prefabs
  artifactKey: Guid(d1e8c4afa146f4622bb69613327121a6) Importer(815301076,1909f56bfc062723c751e8b465ee728b)
Start importing Assets/Mars Landscape 3D/Prefabs using Guid(d1e8c4afa146f4622bb69613327121a6) Importer(815301076,1909f56bfc062723c751e8b465ee728b)  -> (artifact id: 'e44895177a707c6ee4cb9728164ea7f9') in 0.001764 seconds 
========================================================================
Received Import Request.
  Time since last request: 0.066408 seconds.
  path: Assets/Mars Landscape 3D/Prefabs/ML3D_Rocks_00_00.prefab
  artifactKey: Guid(719667f2035d442a8b6fc78d6a10a7fa) Importer(815301076,1909f56bfc062723c751e8b465ee728b)
Start importing Assets/Mars Landscape 3D/Prefabs/ML3D_Rocks_00_00.prefab using Guid(719667f2035d442a8b6fc78d6a10a7fa) Importer(815301076,1909f56bfc062723c751e8b465ee728b)  -> (artifact id: '1da25a3d6baa0f8491da98b0696a79e9') in 0.315824 seconds 
========================================================================
Received Import Request.
  Time since last request: 0.702826 seconds.
  path: Assets/Mars Landscape 3D/Prefabs/ML3D_Rocks_00_03.prefab
  artifactKey: Guid(47020d386b9454617bc9f694b04dc18d) Importer(815301076,1909f56bfc062723c751e8b465ee728b)
Start importing Assets/Mars Landscape 3D/Prefabs/ML3D_Rocks_00_03.prefab using Guid(47020d386b9454617bc9f694b04dc18d) Importer(815301076,1909f56bfc062723c751e8b465ee728b)  -> (artifact id: 'e808d27f00a75cf82caf51e0a8edbf2d') in 0.031697 seconds 
========================================================================
Received Import Request.
  Time since last request: 0.000017 seconds.
  path: Assets/Mars Landscape 3D/Prefabs/ML3D_Rocks_02_03.prefab
  artifactKey: Guid(5d760205a8d1c40a3a26bf909fcc7730) Importer(815301076,1909f56bfc062723c751e8b465ee728b)
Start importing Assets/Mars Landscape 3D/Prefabs/ML3D_Rocks_02_03.prefab using Guid(5d760205a8d1c40a3a26bf909fcc7730) Importer(815301076,1909f56bfc062723c751e8b465ee728b)  -> (artifact id: '6f3383e78952ffc9acf26b2a6ef4733d') in 0.025969 seconds 
========================================================================
Received Import Request.
  Time since last request: 0.000033 seconds.
  path: Assets/Mars Landscape 3D/Prefabs/ML3D_Rocks_01_03.prefab
  artifactKey: Guid(a9d47e8a5c98f498a84556b79162a1cf) Importer(815301076,1909f56bfc062723c751e8b465ee728b)
Start importing Assets/Mars Landscape 3D/Prefabs/ML3D_Rocks_01_03.prefab using Guid(a9d47e8a5c98f498a84556b79162a1cf) Importer(815301076,1909f56bfc062723c751e8b465ee728b)  -> (artifact id: '401de70a7a66b1ec517016a0a16d6b51') in 0.027268 seconds 
========================================================================
Received Import Request.
  Time since last request: 0.000024 seconds.
  path: Assets/Mars Landscape 3D/Prefabs/ML3D_Rocks_02_01.prefab
  artifactKey: Guid(231fc9374d8be493cb2502622a93f1e8) Importer(815301076,1909f56bfc062723c751e8b465ee728b)
Start importing Assets/Mars Landscape 3D/Prefabs/ML3D_Rocks_02_01.prefab using Guid(231fc9374d8be493cb2502622a93f1e8) Importer(815301076,1909f56bfc062723c751e8b465ee728b)  -> (artifact id: '96f42d227d201382462a774c49dc431d') in 0.025646 seconds 
========================================================================
Received Import Request.
  Time since last request: 0.000022 seconds.
  path: Assets/Mars Landscape 3D/Prefabs/ML3D_Rocks_02_00.prefab
  artifactKey: Guid(916c49c1725b444db83f8ccd1f04c5fd) Importer(815301076,1909f56bfc062723c751e8b465ee728b)
Start importing Assets/Mars Landscape 3D/Prefabs/ML3D_Rocks_02_00.prefab using Guid(916c49c1725b444db83f8ccd1f04c5fd) Importer(815301076,1909f56bfc062723c751e8b465ee728b)  -> (artifact id: '569fa6347045847cf1888582295d9211') in 0.024834 seconds 
========================================================================
Received Import Request.
  Time since last request: 0.000024 seconds.
  path: Assets/Mars Landscape 3D/Prefabs/ML3D_Rocks_00_02.prefab
  artifactKey: Guid(692d26f9515e849e6bf8a16deaab7230) Importer(815301076,1909f56bfc062723c751e8b465ee728b)
Start importing Assets/Mars Landscape 3D/Prefabs/ML3D_Rocks_00_02.prefab using Guid(692d26f9515e849e6bf8a16deaab7230) Importer(815301076,1909f56bfc062723c751e8b465ee728b)  -> (artifact id: 'cbfa07372235d36dafa06fb6a6759977') in 0.019155 seconds 
========================================================================
Received Import Request.
  Time since last request: 15.161317 seconds.
  path: Assets/Mars/martian-terrain
  artifactKey: Guid(01f246695685d754599205c928a339ee) Importer(815301076,1909f56bfc062723c751e8b465ee728b)
Start importing Assets/Mars/martian-terrain using Guid(01f246695685d754599205c928a339ee) Importer(815301076,1909f56bfc062723c751e8b465ee728b)  -> (artifact id: '9a23fe7d587eb3a0fc84c391a62b0960') in 0.001896 seconds 
========================================================================
Received Import Request.
  Time since last request: 1.117189 seconds.
  path: Assets/Mars/martian-terrain/source
  artifactKey: Guid(9abd97cb8eacb4c45b9a620c700bf6ba) Importer(815301076,1909f56bfc062723c751e8b465ee728b)
Start importing Assets/Mars/martian-terrain/source using Guid(9abd97cb8eacb4c45b9a620c700bf6ba) Importer(815301076,1909f56bfc062723c751e8b465ee728b)  -> (artifact id: '486b980116f890f7292ffc85b81191f3') in 0.002218 seconds 
========================================================================
Received Import Request.
  Time since last request: 0.077284 seconds.
  path: Assets/Mars/martian-terrain/source/Martian-Terrain.fbx
  artifactKey: Guid(de66df256d94304458b3584298f72149) Importer(815301076,1909f56bfc062723c751e8b465ee728b)
Start importing Assets/Mars/martian-terrain/source/Martian-Terrain.fbx using Guid(de66df256d94304458b3584298f72149) Importer(815301076,1909f56bfc062723c751e8b465ee728b)  -> (artifact id: 'a8f8929ec16184742cd5b9370a9f98a5') in 0.232863 seconds 
========================================================================
Received Import Request.
  Time since last request: 61.864449 seconds.
  path: Assets/Mars/martian-terrain/source/Martian-Terrain.fbx
  artifactKey: Guid(de66df256d94304458b3584298f72149) Importer(815301076,1909f56bfc062723c751e8b465ee728b)
Start importing Assets/Mars/martian-terrain/source/Martian-Terrain.fbx using Guid(de66df256d94304458b3584298f72149) Importer(815301076,1909f56bfc062723c751e8b465ee728b)  -> (artifact id: '0ed1d9e5ccd060cecbe62ba69ba3b31e') in 0.106343 seconds 
========================================================================
Received Import Request.
  Time since last request: 13.777595 seconds.
  path: Assets/Mars/martian-terrain/source/Martian-Terrain.fbx
  artifactKey: Guid(de66df256d94304458b3584298f72149) Importer(815301076,1909f56bfc062723c751e8b465ee728b)
Start importing Assets/Mars/martian-terrain/source/Martian-Terrain.fbx using Guid(de66df256d94304458b3584298f72149) Importer(815301076,1909f56bfc062723c751e8b465ee728b)  -> (artifact id: 'd5ba7bd4fc9cefa783a1b763e5ba5705') in 0.048374 seconds 
========================================================================
Received Import Request.
  Time since last request: 5.773649 seconds.
  path: Assets/Mars/martian-terrain/textures
  artifactKey: Guid(eeb334bda3e8dde40b2ed4a5ce8121a4) Importer(815301076,1909f56bfc062723c751e8b465ee728b)
Start importing Assets/Mars/martian-terrain/textures using Guid(eeb334bda3e8dde40b2ed4a5ce8121a4) Importer(815301076,1909f56bfc062723c751e8b465ee728b)  -> (artifact id: 'e6f35a9e93b64560cb0229d5686c36a3') in 0.001831 seconds 
========================================================================
Received Import Request.
  Time since last request: 0.051170 seconds.
  path: Assets/Mars/martian-terrain/textures/Diffuse.png
  artifactKey: Guid(a4ba0057f9b79414ca69d63a91b25f6f) Importer(815301076,1909f56bfc062723c751e8b465ee728b)
Start importing Assets/Mars/martian-terrain/textures/Diffuse.png using Guid(a4ba0057f9b79414ca69d63a91b25f6f) Importer(815301076,1909f56bfc062723c751e8b465ee728b)  -> (artifact id: 'd93349cd2fc990d7422855e31487626b') in 0.024600 seconds 
========================================================================
Received Import Request.
  Time since last request: 0.000017 seconds.
  path: Assets/Mars/martian-terrain/textures/Normal.png
  artifactKey: Guid(6d4d97126e87a154db94d62a6aab4433) Importer(815301076,1909f56bfc062723c751e8b465ee728b)
Start importing Assets/Mars/martian-terrain/textures/Normal.png using Guid(6d4d97126e87a154db94d62a6aab4433) Importer(815301076,1909f56bfc062723c751e8b465ee728b)  -> (artifact id: 'b3b5077f32fa299f64c419a53337abdd') in 0.023982 seconds 
========================================================================
Received Import Request.
  Time since last request: 0.000042 seconds.
  path: Assets/Mars/martian-terrain/textures/roughness.png
  artifactKey: Guid(9135ac7e1b19e9e479c28ee2d1dd1be6) Importer(815301076,1909f56bfc062723c751e8b465ee728b)
Start importing Assets/Mars/martian-terrain/textures/roughness.png using Guid(9135ac7e1b19e9e479c28ee2d1dd1be6) Importer(815301076,1909f56bfc062723c751e8b465ee728b)  -> (artifact id: '3e74aacf40fb27731b5d2237282cb3f8') in 0.035643 seconds 
========================================================================
Received Import Request.
  Time since last request: 22.200571 seconds.
  path: Assets/Mars/martian-terrain/textures/Normal.png
  artifactKey: Guid(6d4d97126e87a154db94d62a6aab4433) Importer(815301076,1909f56bfc062723c751e8b465ee728b)
Start importing Assets/Mars/martian-terrain/textures/Normal.png using Guid(6d4d97126e87a154db94d62a6aab4433) Importer(815301076,1909f56bfc062723c751e8b465ee728b)  -> (artifact id: '9d080fddc0e1a5ab33004ce4c33c1180') in 0.010318 seconds 
========================================================================
Received Import Request.
  Time since last request: 18.373199 seconds.
  path: Assets/Mars
  artifactKey: Guid(d9a65cd0139a3b846894cb0a7ada7f85) Importer(815301076,1909f56bfc062723c751e8b465ee728b)
Start importing Assets/Mars using Guid(d9a65cd0139a3b846894cb0a7ada7f85) Importer(815301076,1909f56bfc062723c751e8b465ee728b)  -> (artifact id: 'c957b3442f77915eb16aec08cd3c23b0') in 0.002368 seconds 
========================================================================
Received Import Request.
  Time since last request: 9.761813 seconds.
  path: Assets/Mars/test
  artifactKey: Guid(e50ea4787c9867b4cb830c1b7a56bc25) Importer(815301076,1909f56bfc062723c751e8b465ee728b)
Start importing Assets/Mars/test using Guid(e50ea4787c9867b4cb830c1b7a56bc25) Importer(815301076,1909f56bfc062723c751e8b465ee728b)  -> (artifact id: '17fb8287eff62a4776bca77b86bf9221') in 0.002035 seconds 
========================================================================
Received Import Request.
  Time since last request: 7.044737 seconds.
  path: Assets/Mars/test/Martian-Terrain.prefab
  artifactKey: Guid(2921a2427c05ef247a094304bbb4ff77) Importer(815301076,1909f56bfc062723c751e8b465ee728b)
Start importing Assets/Mars/test/Martian-Terrain.prefab using Guid(2921a2427c05ef247a094304bbb4ff77) Importer(815301076,1909f56bfc062723c751e8b465ee728b)  -> (artifact id: '26368f8d861353ff15fa532f24560f90') in 0.033381 seconds 
========================================================================
Received Import Request.
  Time since last request: 9.235696 seconds.
  path: Assets/Mars/test/Martian-Terrain.prefab
  artifactKey: Guid(2921a2427c05ef247a094304bbb4ff77) Importer(815301076,1909f56bfc062723c751e8b465ee728b)
Start importing Assets/Mars/test/Martian-Terrain.prefab using Guid(2921a2427c05ef247a094304bbb4ff77) Importer(815301076,1909f56bfc062723c751e8b465ee728b)  -> (artifact id: '8b39bf0ac1aa95568c938bd852c6c112') in 0.021933 seconds 
========================================================================
Received Import Request.
  Time since last request: 2.286365 seconds.
  path: Assets/Mars/test/Martian-Terrain.prefab
  artifactKey: Guid(2921a2427c05ef247a094304bbb4ff77) Importer(815301076,1909f56bfc062723c751e8b465ee728b)
Start importing Assets/Mars/test/Martian-Terrain.prefab using Guid(2921a2427c05ef247a094304bbb4ff77) Importer(815301076,1909f56bfc062723c751e8b465ee728b)  -> (artifact id: '627250ac994953c5a9732142e42feec6') in 0.046168 seconds 
